[INFO] Scanning for projects...
[INFO] ------------------------------------------------------------------------
[INFO] Reactor Build Order:
[INFO]
[INFO] sber-practice-core-java                                            [pom]
[INFO] day1                                                               [jar]
[INFO] day2                                                               [jar]
[INFO] day3-maven-task                                                    [jar]
[INFO] day3-oop                                                           [jar]
[INFO] day3-ext-oop                                                       [jar]
[INFO] day3-solid                                                         [jar]
[INFO]
[INFO] -------------< core.practice.sber:sber-practice-core-java >-------------
[INFO] Building sber-practice-core-java 1.0-SNAPSHOT                      [1/7]
[INFO]   from pom.xml
[INFO] --------------------------------[ pom ]---------------------------------
[INFO]
[INFO] ----------------------< core.practice.sber:day1 >-----------------------
[INFO] Building day1 1.0-SNAPSHOT                                         [2/7]
[INFO]   from day1/pom.xml
[INFO] --------------------------------[ jar ]---------------------------------
[INFO]
[INFO] --- resources:3.3.1:resources (default-resources) @ day1 ---
[INFO] Copying 0 resource from src/main/resources to target/classes
[INFO]
[INFO] --- compiler:3.13.0:compile (default-compile) @ day1 ---
[INFO] Recompiling the module because of changed source code.
[INFO] Compiling 10 source files with javac [debug release 17] to target/classes
[INFO]
[INFO] ----------------------< core.practice.sber:day2 >-----------------------
[INFO] Building day2 1.0-SNAPSHOT                                         [3/7]
[INFO]   from day2/pom.xml
[INFO] --------------------------------[ jar ]---------------------------------
[INFO]
[INFO] --- resources:3.3.1:resources (default-resources) @ day2 ---
[INFO] Copying 0 resource from src/main/resources to target/classes
[INFO]
[INFO] --- compiler:3.13.0:compile (default-compile) @ day2 ---
[INFO] Recompiling the module because of changed source code.
[INFO] Compiling 12 source files with javac [debug release 17] to target/classes
[INFO]
[INFO] -----------------< core.practice.sber:day3-maven-task >-----------------
[INFO] Building day3-maven-task 1.0-SNAPSHOT                              [4/7]
[INFO]   from day3-maven-task/pom.xml
[INFO] --------------------------------[ jar ]---------------------------------
[INFO]
[INFO] --- resources:3.3.1:resources (default-resources) @ day3-maven-task ---
[INFO] Copying 0 resource from src/main/resources to target/classes
[INFO]
[INFO] --- compiler:3.13.0:compile (default-compile) @ day3-maven-task ---
[INFO] Recompiling the module because of changed source code.
[INFO] Compiling 1 source file with javac [debug release 17] to target/classes
[INFO]
[INFO] --------------------< core.practice.sber:day3-oop >---------------------
[INFO] Building day3-oop 1.0-SNAPSHOT                                     [5/7]
[INFO]   from day3-oop/pom.xml
[INFO] --------------------------------[ jar ]---------------------------------
[INFO]
[INFO] --- resources:3.3.1:resources (default-resources) @ day3-oop ---
[INFO] Copying 0 resource from src/main/resources to target/classes
[INFO]
[INFO] --- compiler:3.13.0:compile (default-compile) @ day3-oop ---
[INFO] Recompiling the module because of changed source code.
[INFO] Compiling 10 source files with javac [debug release 17] to target/classes
[INFO]
[INFO] ------------------< core.practice.sber:day3-ext-oop >-------------------
[INFO] Building day3-ext-oop 1.0-SNAPSHOT                                 [6/7]
[INFO]   from day3-ext-oop/pom.xml
[INFO] --------------------------------[ jar ]---------------------------------
[INFO]
[INFO] --- resources:3.3.1:resources (default-resources) @ day3-ext-oop ---
[INFO] Copying 0 resource from src/main/resources to target/classes
[INFO]
[INFO] --- compiler:3.13.0:compile (default-compile) @ day3-ext-oop ---
[INFO] Recompiling the module because of changed source code.
[INFO] Compiling 56 source files with javac [debug release 17] to target/classes
[INFO]
[INFO] -------------------< core.practice.sber:day3-solid >--------------------
[INFO] Building day3-solid 1.0-SNAPSHOT                                   [7/7]
[INFO]   from day3-solid/pom.xml
[INFO] --------------------------------[ jar ]---------------------------------
[INFO]
[INFO] --- resources:3.3.1:resources (default-resources) @ day3-solid ---
[INFO] Copying 0 resource from src/main/resources to target/classes
[INFO]
[INFO] --- compiler:3.13.0:compile (default-compile) @ day3-solid ---
[INFO] Recompiling the module because of changed source code.
[INFO] Compiling 23 source files with javac [debug release 17] to target/classes
[INFO] ------------------------------------------------------------------------
[INFO] Reactor Summary for sber-practice-core-java 1.0-SNAPSHOT:
[INFO]
[INFO] sber-practice-core-java ............................ SUCCESS [  0.001 s]
[INFO] day1 ............................................... SUCCESS [  0.705 s]
[INFO] day2 ............................................... SUCCESS [  0.252 s]
[INFO] day3-maven-task .................................... SUCCESS [  0.063 s]
[INFO] day3-oop ........................................... SUCCESS [  0.150 s]
[INFO] day3-ext-oop ....................................... SUCCESS [  0.199 s]
[INFO] day3-solid ......................................... SUCCESS [  0.102 s]
[INFO] ------------------------------------------------------------------------
[INFO] BUILD SUCCESS
[INFO] ------------------------------------------------------------------------
[INFO] Total time:  1.648 s
[INFO] Finished at: 2026-07-02T21:18:34+03:00
[INFO] ------------------------------------------------------------------------