[INFO] Scanning for projects...
[INFO] 
[INFO] -------------< core.practice.sber:sber-practice-core-java >-------------
[INFO] Building sber-practice-core-java 1.0-SNAPSHOT
[INFO]   from pom.xml
[INFO] --------------------------------[ jar ]---------------------------------
[INFO] 
[INFO] --- clean:3.4.0:clean (default-clean) @ sber-practice-core-java ---
[INFO] Deleting /Users/ignatlomkov/projects/sber-practice-core-java/day3-maven/target
[INFO] 
[INFO] --- resources:3.3.1:resources (default-resources) @ sber-practice-core-java ---
[INFO] skip non existing resourceDirectory /Users/ignatlomkov/projects/sber-practice-core-java/day3-maven/src/main/resources
[INFO] 
[INFO] --- compiler:3.13.0:compile (default-compile) @ sber-practice-core-java ---
[INFO] Recompiling the module because of changed source code.
[INFO] Compiling 1 source file with javac [debug release 17] to target/classes
[INFO] ------------------------------------------------------------------------
[INFO] BUILD SUCCESS
[INFO] ------------------------------------------------------------------------
[INFO] Total time:  0.528 s
[INFO] Finished at: 2026-07-01T14:45:55+03:00
[INFO] ------------------------------------------------------------------------
